# JRE version: OpenJDK Runtime Environment (11.0.11+9) (build 11.0.11+9-b60-7590822)
# Java VM: OpenJDK 64-Bit Server VM (11.0.11+9-b60-7590822, mixed mode, tiered, compressed oops, g1 gc, windows-amd64)
Heap:
 garbage-first heap   total 157696K, used 96057K [0x0000000080000000, 0x0000000100000000)
  region size 1024K, 67 young (68608K), 7 survivors (7168K)
 Metaspace       used 48597K, capacity 49791K, committed 49916K, reserved 1093632K
  class space    used 6187K, capacity 6659K, committed 6784K, reserved 1048576K
GC Heap History (20 events):
Event: 1.934 GC heap before
{Heap before GC invocations=0 (full 0):
 garbage-first heap   total 131072K, used 20480K [0x0000000080000000, 0x0000000100000000)
  region size 1024K, 14 young (14336K), 0 survivors (0K)
 Metaspace       used 6750K, capacity 6929K, committed 7168K, reserved 1056768K
  class space    used 582K, capacity 650K, committed 768K, reserved 1048576K
}
Event: 1.970 GC heap after
{Heap after GC invocations=1 (full 0):
 garbage-first heap   total 131072K, used 7886K [0x0000000080000000, 0x0000000100000000)
  region size 1024K, 2 young (2048K), 2 survivors (2048K)
 Metaspace       used 6750K, capacity 6929K, committed 7168K, reserved 1056768K
  class space    used 582K, capacity 650K, committed 768K, reserved 1048576K
}
Event: 2.879 GC heap before
{Heap before GC invocations=1 (full 0):
 garbage-first heap   total 131072K, used 20174K [0x0000000080000000, 0x0000000100000000)
  region size 1024K, 14 young (14336K), 2 survivors (2048K)
 Metaspace       used 9907K, capacity 10122K, committed 10368K, reserved 1058816K
  class space    used 1028K, capacity 1102K, committed 1152K, reserved 1048576K
}
Event: 2.884 GC heap after
{Heap after GC invocations=2 (full 0):
 garbage-first heap   total 131072K, used 9707K [0x0000000080000000, 0x0000000100000000)
  region size 1024K, 2 young (2048K), 2 survivors (2048K)
 Metaspace       used 9907K, capacity 10122K, committed 10368K, reserved 1058816K
  class space    used 1028K, capacity 1102K, committed 1152K, reserved 1048576K
}
Event: 4.136 GC heap before
{Heap before GC invocations=2 (full 0):
 garbage-first heap   total 131072K, used 39403K [0x0000000080000000, 0x0000000100000000)
  region size 1024K, 30 young (30720K), 2 survivors (2048K)
 Metaspace       used 10845K, capacity 11077K, committed 11264K, reserved 1058816K
  class space    used 1131K, capacity 1207K, committed 1280K, reserved 1048576K
}
Event: 4.140 GC heap after
{Heap after GC invocations=3 (full 0):
 garbage-first heap   total 131072K, used 12613K [0x0000000080000000, 0x0000000100000000)
  region size 1024K, 4 young (4096K), 4 survivors (4096K)
 Metaspace       used 10845K, capacity 11077K, committed 11264K, reserved 1058816K
  class space    used 1131K, capacity 1207K, committed 1280K, reserved 1048576K
}
Event: 7.564 GC heap before
{Heap before GC invocations=3 (full 0):
 garbage-first heap   total 131072K, used 54597K [0x0000000080000000, 0x0000000100000000)
  region size 1024K, 45 young (46080K), 4 survivors (4096K)
 Metaspace       used 17594K, capacity 17994K, committed 18176K, reserved 1064960K
  class space    used 2070K, capacity 2217K, committed 2304K, reserved 1048576K
}
Event: 7.604 GC heap after
{Heap after GC invocations=4 (full 0):
 garbage-first heap   total 131072K, used 16494K [0x0000000080000000, 0x0000000100000000)
  region size 1024K, 6 young (6144K), 6 survivors (6144K)
 Metaspace       used 17594K, capacity 17994K, committed 18176K, reserved 1064960K
  class space    used 2070K, capacity 2217K, committed 2304K, reserved 1048576K
}
Event: 8.491 GC heap before
{Heap before GC invocations=4 (full 0):
 garbage-first heap   total 131072K, used 43118K [0x0000000080000000, 0x0000000100000000)
  region size 1024K, 33 young (33792K), 6 survivors (6144K)
 Metaspace       used 20684K, capacity 21106K, committed 21296K, reserved 1069056K
  class space    used 2529K, capacity 2658K, committed 2688K, reserved 1048576K
}
Event: 8.510 GC heap after
{Heap after GC invocations=5 (full 0):
 garbage-first heap   total 131072K, used 17434K [0x0000000080000000, 0x0000000100000000)
  region size 1024K, 5 young (5120K), 5 survivors (5120K)
 Metaspace       used 20684K, capacity 21106K, committed 21296K, reserved 1069056K
  class space    used 2529K, capacity 2658K, committed 2688K, reserved 1048576K
}
Event: 11.257 GC heap before
{Heap before GC invocations=6 (full 0):
 garbage-first heap   total 131072K, used 66586K [0x0000000080000000, 0x0000000100000000)
  region size 1024K, 53 young (54272K), 5 survivors (5120K)
 Metaspace       used 25712K, capacity 26287K, committed 26544K, reserved 1073152K
  class space    used 3339K, capacity 3540K, committed 3584K, reserved 1048576K
}
Event: 11.271 GC heap after
{Heap after GC invocations=7 (full 0):
 garbage-first heap   total 131072K, used 19531K [0x0000000080000000, 0x0000000100000000)
  region size 1024K, 3 young (3072K), 3 survivors (3072K)
 Metaspace       used 25712K, capacity 26287K, committed 26544K, reserved 1073152K
  class space    used 3339K, capacity 3540K, committed 3584K, reserved 1048576K
}
Event: 16.515 GC heap before
{Heap before GC invocations=7 (full 0):
 garbage-first heap   total 131072K, used 74827K [0x0000000080000000, 0x0000000100000000)
  region size 1024K, 57 young (58368K), 3 survivors (3072K)
 Metaspace       used 31651K, capacity 32350K, committed 32688K, reserved 1077248K
  class space    used 4220K, capacity 4502K, committed 4608K, reserved 1048576K
}
Event: 16.527 GC heap after
{Heap after GC invocations=8 (full 0):
 garbage-first heap   total 131072K, used 21800K [0x0000000080000000, 0x0000000100000000)
  region size 1024K, 6 young (6144K), 6 survivors (6144K)
 Metaspace       used 31651K, capacity 32350K, committed 32688K, reserved 1077248K
  class space    used 4220K, capacity 4502K, committed 4608K, reserved 1048576K
}
Event: 17.446 GC heap before
{Heap before GC invocations=8 (full 0):
 garbage-first heap   total 131072K, used 28968K [0x0000000080000000, 0x0000000100000000)
  region size 1024K, 14 young (14336K), 6 survivors (6144K)
 Metaspace       used 34865K, capacity 35648K, committed 35708K, reserved 1081344K
  class space    used 4528K, capacity 4857K, committed 4864K, reserved 1048576K
}
Event: 17.468 GC heap after
{Heap after GC invocations=9 (full 0):
 garbage-first heap   total 131072K, used 23273K [0x0000000080000000, 0x0000000100000000)
  region size 1024K, 4 young (4096K), 4 survivors (4096K)
 Metaspace       used 34865K, capacity 35648K, committed 35708K, reserved 1081344K
  class space    used 4528K, capacity 4857K, committed 4864K, reserved 1048576K
}
Event: 21.669 GC heap before
{Heap before GC invocations=10 (full 0):
 garbage-first heap   total 131072K, used 86761K [0x0000000080000000, 0x0000000100000000)
  region size 1024K, 64 young (65536K), 4 survivors (4096K)
 Metaspace       used 39423K, capacity 40315K, committed 40572K, reserved 1085440K
  class space    used 5042K, capacity 5361K, committed 5376K, reserved 1048576K
}
Event: 21.735 GC heap after
{Heap after GC invocations=11 (full 0):
 garbage-first heap   total 157696K, used 28119K [0x0000000080000000, 0x0000000100000000)
  region size 1024K, 8 young (8192K), 8 survivors (8192K)
 Metaspace       used 39423K, capacity 40315K, committed 40572K, reserved 1085440K
  class space    used 5042K, capacity 5361K, committed 5376K, reserved 1048576K
}
Event: 29.415 GC heap before
{Heap before GC invocations=11 (full 0):
 garbage-first heap   total 157696K, used 99799K [0x0000000080000000, 0x0000000100000000)
  region size 1024K, 78 young (79872K), 8 survivors (8192K)
 Metaspace       used 46023K, capacity 47107K, committed 47228K, reserved 1089536K
  class space    used 5897K, capacity 6294K, committed 6400K, reserved 1048576K
}
Event: 29.437 GC heap after
{Heap after GC invocations=12 (full 0):
 garbage-first heap   total 157696K, used 30521K [0x0000000080000000, 0x0000000100000000)
  region size 1024K, 7 young (7168K), 7 survivors (7168K)
 Metaspace       used 46023K, capacity 47107K, committed 47228K, reserved 1089536K
  class space    used 5897K, capacity 6294K, committed 6400K, reserved 1048576K
}

